<?xml version="1.0" encoding="UTF-8"?>
<testng-results ignored="0" total="1" passed="1" failed="0" skipped="0">
  <reporter-output>
  </reporter-output>
  <suite started-at="2026-06-17T07:22:23 IST" name="Suite" finished-at="2026-06-17T07:22:49 IST" duration-ms="25226">
    <groups>
    </groups>
    <test started-at="2026-06-17T07:22:23 IST" name="Test" finished-at="2026-06-17T07:22:49 IST" duration-ms="25226">
      <class name="tests.LoginTest">
        <test-method is-config="true" signature="setup()[pri:0, instance:tests.LoginTest@223191a6]" started-at="2026-06-17T07:22:23 IST" name="setup" finished-at="2026-06-17T07:22:30 IST" duration-ms="6793" status="PASS">
          <reporter-output>
          </reporter-output>
        </test-method> <!-- setup -->
        <test-method signature="loginTest()[pri:0, instance:tests.LoginTest@223191a6]" started-at="2026-06-17T07:22:30 IST" name="loginTest" finished-at="2026-06-17T07:22:49 IST" duration-ms="18258" status="PASS">
          <reporter-output>
          </reporter-output>
        </test-method> <!-- loginTest -->
        <test-method is-config="true" signature="tearDown()[pri:0, instance:tests.LoginTest@223191a6]" started-at="2026-06-17T07:22:49 IST" name="tearDown" finished-at="2026-06-17T07:22:49 IST" duration-ms="141" status="PASS">
          <reporter-output>
          </reporter-output>
        </test-method> <!-- tearDown -->
      </class> <!-- tests.LoginTest -->
    </test> <!-- Test -->
  </suite> <!-- Suite -->
</testng-results>
